#
# A fatal error has been detected by the Java Runtime Environment:
#
#  EXCEPTION_ACCESS_VIOLATION (0xc0000005) at pc=0x0000000000000000, pid=7772, tid=5424
#
# JRE version: Java(TM) SE Runtime Environment (8.0_31-b13) (build 1.8.0_31-b13)
# Java VM: Java HotSpot(TM) 64-Bit Server VM (25.31-b07 mixed mode windows-amd64 compressed oops)
# Problematic frame:
# C  0x0000000000000000
#
# Failed to write core dump. Minidumps are not enabled by default on client versions of Windows
#
# If you would like to submit a bug report, please visit:
#   http://bugreport.java.com/bugreport/crash.jsp
#

---------------  T H R E A D  ---------------

Current thread (0x000000003b859800):  JavaThread "RMI TCP Connection(6)-128.12.66.125" daemon [_thread_in_Java, id=5424, stack(0x000000003be90000,0x000000003bf90000)]

siginfo: ExceptionCode=0xc0000005, ExceptionInformation=0x0000000000000008 0x0000000000000000

Registers:
RAX=0x00000000024177b0, RBX=0x000000003589f120, RCX=0x00000000358fc670, RDX=0x00000000024177b0
RSP=0x000000003bf8e1f0, RBP=0x000000003bf8e268, RSI=0x0000000000000006, RDI=0x0000000000000000
R8 =0x0000000000000000, R9 =0x0000000403e965c0, R10=0x00000000593062c0, R11=0x000000003bf8e1e0
R12=0x0000000000000000, R13=0x000000003bf8e1f0, R14=0x000000003bf8e2b0, R15=0x000000003b859800
RIP=0x0000000000000000, EFLAGS=0x0000000000010202

Top of Stack: (sp=0x000000003bf8e1f0)
0x000000003bf8e1f0:   00000000024177b0 000000044f5db7c0
0x000000003bf8e200:   00000006869af820 000000044a503968
0x000000003bf8e210:   000000044f5db838 00000006869af860
0x000000003bf8e220:   00000006869af8a8 000000003bf8e228
0x000000003bf8e230:   00000000358fc5f4 000000003bf8e2b0
0x000000003bf8e240:   00000000358fc670 0000000000000000
0x000000003bf8e250:   00000000358fc600 000000003bf8e1f0
0x000000003bf8e260:   000000003bf8e280 000000003bf8e2f8
0x000000003bf8e270:   00000000024177b0 000000044a5138f8
0x000000003bf8e280:   000000044f5db7c0 00000006869af820
0x000000003bf8e290:   000000044a503968 000000044f5db838
0x000000003bf8e2a0:   00000006869af860 00000006869af8a8
0x000000003bf8e2b0:   000000044a513a78 000000003bf8e2b8
0x000000003bf8e2c0:   00000000359239a3 000000003bf8e310
0x000000003bf8e2d0:   0000000035923a20 0000000000000000
0x000000003bf8e2e0:   00000000359239b0 000000003bf8e280 

Instructions: (pc=0x0000000000000000)
0xffffffffffffffe0:   


Register to memory mapping:

RAX=0x00000000024177b0 is at code_begin+1456 in an Interpreter codelet
invoke return entry points  [0x0000000002417200, 0x0000000002417b00]  2304 bytes
RBX=0x000000003589f120 is pointing into metadata
RCX=0x00000000358fc670 is pointing into metadata
RDX=0x00000000024177b0 is at code_begin+1456 in an Interpreter codelet
invoke return entry points  [0x0000000002417200, 0x0000000002417b00]  2304 bytes
RSP=0x000000003bf8e1f0 is pointing into the stack for thread: 0x000000003b859800
RBP=0x000000003bf8e268 is pointing into the stack for thread: 0x000000003b859800
RSI=0x0000000000000006 is an unknown value
RDI=0x0000000000000000 is an unknown value
R8 =0x0000000000000000 is an unknown value
R9 =0x0000000403e965c0 is an oop
java.lang.Class 
 - klass: 'java/lang/Class'
R10=0x00000000593062c0 is an unknown value
R11=0x000000003bf8e1e0 is pointing into the stack for thread: 0x000000003b859800
R12=0x0000000000000000 is an unknown value
R13=0x000000003bf8e1f0 is pointing into the stack for thread: 0x000000003b859800
R14=0x000000003bf8e2b0 is pointing into the stack for thread: 0x000000003b859800
R15=0x000000003b859800 is a thread


Stack: [0x000000003be90000,0x000000003bf90000],  sp=0x000000003bf8e1f0,  free space=1016k
Native frames: (J=compiled Java code, j=interpreted, Vv=VM code, C=native code)


---------------  P R O C E S S  ---------------

Java Threads: ( => current thread )
  0x000000003955e000 JavaThread "*** Profiler Agent Special Execution Thread 8" daemon [_thread_blocked, id=7740, stack(0x0000000040fc0000,0x00000000410c0000)]
  0x0000000039562000 JavaThread "*** Profiler Agent Special Execution Thread 6" daemon [_thread_blocked, id=2688, stack(0x000000003ad10000,0x000000003ae10000)]
  0x000000003955d800 JavaThread "*** JFluid Monitor thread ***" daemon [_thread_blocked, id=6572, stack(0x000000003bfa0000,0x000000003c0a0000)]
  0x0000000039561000 JavaThread "*** Profiler Agent Communication Thread" daemon [_thread_blocked, id=6712, stack(0x000000003d600000,0x000000003d700000)]
  0x000000003955f800 JavaThread "RMI TCP Connection(5)-128.12.66.125" daemon [_thread_in_native, id=8084, stack(0x000000003d250000,0x000000003d350000)]
  0x0000000039560800 JavaThread "JMX server connection timeout 2117" daemon [_thread_blocked, id=6656, stack(0x000000003c140000,0x000000003c240000)]
  0x000000003b855800 JavaThread "RMI TCP Connection(4)-128.12.66.125" daemon [_thread_blocked, id=4932, stack(0x000000003aa90000,0x000000003ab90000)]
  0x000000003955c800 JavaThread "JMX server connection timeout 1751" daemon [_thread_blocked, id=6276, stack(0x000000003f1f0000,0x000000003f2f0000)]
  0x000000003955c000 JavaThread "RMI Scheduler(0)" daemon [_thread_blocked, id=6272, stack(0x000000003efc0000,0x000000003f0c0000)]
=>0x000000003b859800 JavaThread "RMI TCP Connection(6)-128.12.66.125" daemon [_thread_in_Java, id=5424, stack(0x000000003be90000,0x000000003bf90000)]
  0x000000003b857000 JavaThread "RMI TCP Accept-0" daemon [_thread_in_native, id=3080, stack(0x0000000038bb0000,0x0000000038cb0000)]
  0x0000000036e46000 JavaThread "Service Thread" daemon [_thread_blocked, id=1320, stack(0x0000000038920000,0x0000000038a20000)]
  0x0000000036e02800 JavaThread "C1 CompilerThread3" daemon [_thread_blocked, id=6568, stack(0x0000000038a90000,0x0000000038b90000)]
  0x0000000036dd0800 JavaThread "C2 CompilerThread2" daemon [_thread_blocked, id=7784, stack(0x0000000038820000,0x0000000038920000)]
  0x0000000036dc9000 JavaThread "C2 CompilerThread1" daemon [_thread_blocked, id=4696, stack(0x00000000385f0000,0x00000000386f0000)]
  0x0000000036daf000 JavaThread "C2 CompilerThread0" daemon [_thread_blocked, id=7356, stack(0x0000000038440000,0x0000000038540000)]
  0x0000000036dab800 JavaThread "Attach Listener" daemon [_thread_blocked, id=4924, stack(0x0000000037cd0000,0x0000000037dd0000)]
  0x0000000036daa000 JavaThread "Signal Dispatcher" daemon [_thread_blocked, id=7084, stack(0x0000000038310000,0x0000000038410000)]
  0x0000000001dec000 JavaThread "Finalizer" daemon [_thread_blocked, id=5752, stack(0x0000000038180000,0x0000000038280000)]
  0x0000000035be4800 JavaThread "Reference Handler" daemon [_thread_blocked, id=2824, stack(0x0000000038000000,0x0000000038100000)]
  0x000000000028e000 JavaThread "main" [_thread_blocked, id=3668, stack(0x0000000002040000,0x0000000002140000)]

Other Threads:
  0x0000000036d63000 VMThread [stack: 0x0000000037e80000,0x0000000037f80000] [id=6776]
  0x0000000036e61000 WatcherThread [stack: 0x0000000038cc0000,0x0000000038dc0000] [id=2860]

VM state:synchronizing (normal execution)

VM Mutex/Monitor currently owned by a thread:  ([mutex/lock_event])
[0x000000000028c690] Safepoint_lock - owner thread: 0x0000000036d63000
[0x000000000028c710] Threads_lock - owner thread: 0x0000000036d63000

Heap:
 PSYoungGen      total 3231232K, used 108470K [0x0000000680000000, 0x00000007b0300000, 0x00000007c0000000)
  eden space 1488896K, 7% used [0x0000000680000000,0x00000006869ed818,0x00000006dae00000)
  from space 1742336K, 0% used [0x0000000745d80000,0x0000000745d80000,0x00000007b0300000)
  to   space 1747456K, 0% used [0x00000006dae00000,0x00000006dae00000,0x0000000745880000)
 ParOldGen       total 6709248K, used 3678509K [0x0000000400000000, 0x0000000599800000, 0x0000000680000000)
  object space 6709248K, 54% used [0x0000000400000000,0x00000004e084b6c0,0x0000000599800000)
 Metaspace       used 25555K, capacity 25984K, committed 26112K, reserved 1073152K
  class space    used 2086K, capacity 2273K, committed 2304K, reserved 1048576K

Card table byte_map: [0x00000000117d0000,0x00000000135e0000] byte_map_base: 0x000000000f7d0000

Marking Bits: (ParMarkBitMap*) 0x000000005931d4f0
 Begin Bits: [0x0000000015400000, 0x0000000024400000)
 End Bits:   [0x0000000024400000, 0x0000000033400000)

Polling page: 0x0000000000230000

CodeCache: size=245760Kb used=4563Kb max_used=10200Kb free=241196Kb
 bounds [0x0000000002410000, 0x0000000002e30000, 0x0000000011410000]
 total_blobs=1534 nmethods=1153 adapters=294
 compilation: enabled

Compilation events (10 events):
Event: 106.661 Thread 0x0000000036e02800 nmethod 4636 0x0000000002da7850 code [0x0000000002da79e0, 0x0000000002da7d48]
Event: 106.661 Thread 0x0000000036dd0800 4637       4       java.io.ObjectInputStream$BlockDataInputStream::readInts (146 bytes)
Event: 106.662 Thread 0x0000000036e02800 4639       3       java.io.FileInputStream::read (8 bytes)
Event: 106.662 Thread 0x0000000036e02800 nmethod 4639 0x0000000002da7110 code [0x0000000002da7280, 0x0000000002da7408]
Event: 106.674 Thread 0x0000000036dc9000 4641       4       java.io.ObjectInputStream$PeekInputStream::readFully (56 bytes)
Event: 106.887 Thread 0x0000000036dc9000 

Event: 106.887 Thread 0x0000000036dc9000 4642       4       java.io.ObjectInputStream$PeekInputStream::read (69 bytes)
Event: 106.888 Thread 0x0000000036dd0800 

Event: 106.888 Thread 0x0000000036dd0800 4643       4       java.io.ObjectInputStream$BlockDataInputStream::readInts (146 bytes)
Event: 106.898 Thread 0x0000000036dc9000 nmethod 4642 0x0000000002da19d0 code [0x0000000002da1ba0, 0x0000000002da2b40]

GC Heap History (10 events):
Event: 95.374 GC heap before
{Heap before GC invocations=60 (full 10):
 PSYoungGen      total 2964480K, used 2804573K [0x0000000680000000, 0x00000007a7500000, 0x00000007c0000000)
  eden space 1217024K, 100% used [0x0000000680000000,0x00000006ca480000,0x00000006ca480000)
  from space 1747456K, 90% used [0x00000006ca480000,0x000000072b2d76c0,0x0000000734f00000)
  to   space 1747456K, 0% used [0x000000073ca80000,0x000000073ca80000,0x00000007a7500000)
 ParOldGen       total 4573696K, used 2100894K [0x0000000400000000, 0x0000000517280000, 0x0000000680000000)
  object space 4573696K, 45% used [0x0000000400000000,0x00000004803a79b8,0x0000000517280000)
 Metaspace       used 25218K, capacity 25600K, committed 25856K, reserved 1073152K
  class space    used 2086K, capacity 2273K, committed 2304K, reserved 1048576K
Event: 95.767 GC heap after
Heap after GC invocations=60 (full 10):
 PSYoungGen      total 3090944K, used 1747433K [0x0000000680000000, 0x00000007a7800000, 0x00000007c0000000)
  eden space 1343488K, 0% used [0x0000000680000000,0x0000000680000000,0x00000006d2000000)
  from space 1747456K, 99% used [0x000000073ca80000,0x00000007a74fa7d0,0x00000007a7500000)
  to   space 1747456K, 0% used [0x00000006d2000000,0x00000006d2000000,0x000000073ca80000)
 ParOldGen       total 4573696K, used 2740636K [0x0000000400000000, 0x0000000517280000, 0x0000000680000000)
  object space 4573696K, 59% used [0x0000000400000000,0x00000004a7467350,0x0000000517280000)
 Metaspace       used 25218K, capacity 25600K, committed 25856K, reserved 1073152K
  class space    used 2086K, capacity 2273K, committed 2304K, reserved 1048576K
}
Event: 98.966 GC heap before
{Heap before GC invocations=61 (full 10):
 PSYoungGen      total 3090944K, used 3090921K [0x0000000680000000, 0x00000007a7800000, 0x00000007c0000000)
  eden space 1343488K, 100% used [0x0000000680000000,0x00000006d2000000,0x00000006d2000000)
  from space 1747456K, 99% used [0x000000073ca80000,0x00000007a74fa7d0,0x00000007a7500000)
  to   space 1747456K, 0% used [0x00000006d2000000,0x00000006d2000000,0x000000073ca80000)
 ParOldGen       total 4573696K, used 2740636K [0x0000000400000000, 0x0000000517280000, 0x0000000680000000)
  object space 4573696K, 59% used [0x0000000400000000,0x00000004a7467350,0x0000000517280000)
 Metaspace       used 25218K, capacity 25600K, committed 25856K, reserved 1073152K
  class space    used 2086K, capacity 2273K, committed 2304K, reserved 1048576K
Event: 99.523 GC heap after
Heap after GC invocations=61 (full 10):
 PSYoungGen      total 3090944K, used 1747435K [0x0000000680000000, 0x00000007b0800000, 0x00000007c0000000)
  eden space 1343488K, 0% used [0x0000000680000000,0x0000000680000000,0x00000006d2000000)
  from space 1747456K, 99% used [0x00000006d2000000,0x000000073ca7ad28,0x000000073ca80000)
  to   space 1747456K, 0% used [0x0000000745d80000,0x0000000745d80000,0x00000007b0800000)
 ParOldGen       total 4573696K, used 4513719K [0x0000000400000000, 0x0000000517280000, 0x0000000680000000)
  object space 4573696K, 98% used [0x0000000400000000,0x00000005137edf08,0x0000000517280000)
 Metaspace       used 25218K, capacity 25600K, committed 25856K, reserved 1073152K
  class space    used 2086K, capacity 2273K, committed 2304K, reserved 1048576K
}
Event: 99.523 GC heap before
{Heap before GC invocations=62 (full 11):
 PSYoungGen      total 3090944K, used 1747435K [0x0000000680000000, 0x00000007b0800000, 0x00000007c0000000)
  eden space 1343488K, 0% used [0x0000000680000000,0x0000000680000000,0x00000006d2000000)
  from space 1747456K, 99% used [0x00000006d2000000,0x000000073ca7ad28,0x000000073ca80000)
  to   space 1747456K, 0% used [0x0000000745d80000,0x0000000745d80000,0x00000007b0800000)
 ParOldGen       total 4573696K, used 4513719K [0x0000000400000000, 0x0000000517280000, 0x0000000680000000)
  object space 4573696K, 98% used [0x0000000400000000,0x00000005137edf08,0x0000000517280000)
 Metaspace       used 25218K, capacity 25600K, committed 25856K, reserved 1073152K
  class space    used 2086K, capacity 2273K, committed 2304K, reserved 1048576K
Event: 100.105 GC heap after
Heap after GC invocations=62 (full 11):
 PSYoungGen      total 3090944K, used 0K [0x0000000680000000, 0x00000007b0800000, 0x00000007c0000000)
  eden space 1343488K, 0% used [0x0000000680000000,0x0000000680000000,0x00000006d2000000)
  from space 1747456K, 0% used [0x00000006d2000000,0x00000006d2000000,0x000000073ca80000)
  to   space 1747456K, 0% used [0x0000000745d80000,0x0000000745d80000,0x00000007b0800000)
 ParOldGen       total 5625344K, used 2700169K [0x0000000400000000, 0x0000000557580000, 0x0000000680000000)
  object space 5625344K, 48% used [0x0000000400000000,0x00000004a4ce2790,0x0000000557580000)
 Metaspace       used 25218K, capacity 25600K, committed 25856K, reserved 1073152K
  class space    used 2086K, capacity 2273K, committed 2304K, reserved 1048576K
}
Event: 105.070 GC heap before
{Heap before GC invocations=63 (full 11):
 PSYoungGen      total 3090944K, used 994276K [0x0000000680000000, 0x00000007b0800000, 0x00000007c0000000)
  eden space 1343488K, 74% used [0x0000000680000000,0x00000006bcaf91b8,0x00000006d2000000)
  from space 1747456K, 0% used [0x00000006d2000000,0x00000006d2000000,0x000000073ca80000)
  to   space 1747456K, 0% used [0x0000000745d80000,0x0000000745d80000,0x00000007b0800000)
 ParOldGen       total 5625344K, used 2700169K [0x0000000400000000, 0x0000000557580000, 0x0000000680000000)
  object space 5625344K, 48% used [0x0000000400000000,0x00000004a4ce2790,0x0000000557580000)
 Metaspace       used 25219K, capacity 25600K, committed 25856K, reserved 1073152K
  class space    used 2086K, capacity 2273K, committed 2304K, reserved 1048576K
Event: 105.254 GC heap after
Heap after GC invocations=63 (full 11):
 PSYoungGen      total 3231232K, used 1124714K [0x0000000680000000, 0x00000007b0300000, 0x00000007c0000000)
  eden space 1488896K, 0% used [0x0000000680000000,0x0000000680000000,0x00000006dae00000)
  from space 1742336K, 64% used [0x0000000745d80000,0x000000078a7daaa0,0x00000007b0300000)
  to   space 1747456K, 0% used [0x00000006dae00000,0x00000006dae00000,0x0000000745880000)
 ParOldGen       total 5625344K, used 2700177K [0x0000000400000000, 0x0000000557580000, 0x0000000680000000)
  object space 5625344K, 48% used [0x0000000400000000,0x00000004a4ce4790,0x0000000557580000)
 Metaspace       used 25219K, capacity 25600K, committed 25856K, reserved 1073152K
  class space    used 2086K, capacity 2273K, committed 2304K, reserved 1048576K
}
Event: 105.254 GC heap before
{Heap before GC invocations=64 (full 12):
 PSYoungGen      total 3231232K, used 1124714K [0x0000000680000000, 0x00000007b0300000, 0x00000007c0000000)
  eden space 1488896K, 0% used [0x0000000680000000,0x0000000680000000,0x00000006dae00000)
  from space 1742336K, 64% used [0x0000000745d80000,0x000000078a7daaa0,0x00000007b0300000)
  to   space 1747456K, 0% used [0x00000006dae00000,0x00000006dae00000,0x0000000745880000)
 ParOldGen       total 5625344K, used 2700177K [0x0000000400000000, 0x0000000557580000, 0x0000000680000000)
  object space 5625344K, 48% used [0x0000000400000000,0x00000004a4ce4790,0x0000000557580000)
 Metaspace       used 25219K, capacity 25600K, committed 25856K, reserved 1073152K
  class space    used 2086K, capacity 2273K, committed 2304K, reserved 1048576K
Event: 105.918 GC heap after
Heap after GC invocations=64 (full 12):
 PSYoungGen      total 3231232K, used 0K [0x0000000680000000, 0x00000007b0300000, 0x00000007c0000000)
  eden space 1488896K, 0% used [0x0000000680000000,0x0000000680000000,0x00000006dae00000)
  from space 1742336K, 0% used [0x0000000745d80000,0x0000000745d80000,0x00000007b0300000)
  to   space 1747456K, 0% used [0x00000006dae00000,0x00000006dae00000,0x0000000745880000)
 ParOldGen       total 6709248K, used 3678509K [0x0000000400000000, 0x0000000599800000, 0x0000000680000000)
  object space 6709248K, 54% used [0x0000000400000000,0x00000004e084b6c0,0x0000000599800000)
 Metaspace       used 25219K, capacity 25600K, committed 25856K, reserved 1073152K
  class space    used 2086K, capacity 2273K, committed 2304K, reserved 1048576K
}

Deoptimization events (10 events):
Event: 76.873 Thread 0x000000000028e000 Uncommon trap: reason=bimorphic action=maybe_recompile pc=0x00000000026cc34c method=java.io.ObjectInputStream$PeekInputStream.read()I @ 23
Event: 76.873 Thread 0x000000000028e000 Uncommon trap: reason=bimorphic action=maybe_recompile pc=0x00000000026cc34c method=java.io.ObjectInputStream$PeekInputStream.read()I @ 23
Event: 77.550 Thread 0x000000003955f800 Uncommon trap: reason=predicate action=maybe_recompile pc=0x000000000281e9f8 method=java.util.Arrays.fill([Ljava/lang/Object;IILjava/lang/Object;)V @ 16
Event: 105.918 Thread 0x000000003955e000 Uncommon trap: reason=unreached action=reinterpret pc=0x0000000002809b60 method=org.netbeans.lib.profiler.server.ProfilerRuntimeMemory.writeObjGCEvent(J)V @ 3
Event: 106.225 Thread 0x000000003955e000 Uncommon trap: reason=unreached action=reinterpret pc=0x00000000028e4ca0 method=java.lang.ThreadLocal.get()Ljava/lang/Object; @ 11
Event: 106.891 Thread 0x000000003b859800 Uncommon trap: reason=bimorphic action=maybe_recompile pc=0x0000000002962958 method=java.util.concurrent.ConcurrentHashMap.get(Ljava/lang/Object;)Ljava/lang/Object; @ 1
Event: 106.891 Thread 0x000000003b859800 Uncommon trap: reason=bimorphic action=maybe_recompile pc=0x0000000002962958 method=java.util.concurrent.ConcurrentHashMap.get(Ljava/lang/Object;)Ljava/lang/Object; @ 1
Event: 106.891 Thread 0x000000003b859800 Uncommon trap: reason=unreached action=reinterpret pc=0x00000000028e5094 method=java.lang.ref.ReferenceQueue.poll()Ljava/lang/ref/Reference; @ 4
Event: 106.891 Thread 0x000000003b859800 Uncommon trap: reason=bimorphic action=maybe_recompile pc=0x0000000002962958 method=java.util.concurrent.ConcurrentHashMap.get(Ljava/lang/Object;)Ljava/lang/Object; @ 1
Event: 106.892 Thread 0x000000003b859800 Uncommon trap: reason=bimorphic action=maybe_recompile pc=0x0000000002962958 method=java.util.concurrent.ConcurrentHashMap.get(Ljava/lang/Object;)Ljava/lang/Object; @ 1

Internal exceptions (10 events):
Event: 49.736 Thread 0x0000000036dab800 Exception <a 'java/security/PrivilegedActionException'> (0x00000006b3f6a9a8) thrown at [C:\workspace\8-2-build-windows-amd64-cygwin\jdk8u31\2394\hotspot\src\share\vm\prims\jvm.cpp, line 1312]
Event: 49.736 Thread 0x0000000036dab800 Exception <a 'java/security/PrivilegedActionException'> (0x00000006b3f6c970) thrown at [C:\workspace\8-2-build-windows-amd64-cygwin\jdk8u31\2394\hotspot\src\share\vm\prims\jvm.cpp, line 1312]
Event: 49.736 Thread 0x0000000036dab800 Exception <a 'java/security/PrivilegedActionException'> (0x00000006b3f6f328) thrown at [C:\workspace\8-2-build-windows-amd64-cygwin\jdk8u31\2394\hotspot\src\share\vm\prims\jvm.cpp, line 1312]
Event: 49.736 Thread 0x0000000036dab800 Exception <a 'java/security/PrivilegedActionException'> (0x00000006b3f73b60) thrown at [C:\workspace\8-2-build-windows-amd64-cygwin\jdk8u31\2394\hotspot\src\share\vm\prims\jvm.cpp, line 1312]
Event: 49.736 Thread 0x0000000036dab800 Exception <a 'java/security/PrivilegedActionException'> (0x00000006b3f75d18) thrown at [C:\workspace\8-2-build-windows-amd64-cygwin\jdk8u31\2394\hotspot\src\share\vm\prims\jvm.cpp, line 1312]
Event: 49.737 Thread 0x0000000036dab800 Exception <a 'java/security/PrivilegedActionException'> (0x00000006b3f78768) thrown at [C:\workspace\8-2-build-windows-amd64-cygwin\jdk8u31\2394\hotspot\src\share\vm\prims\jvm.cpp, line 1312]
Event: 60.110 Thread 0x0000000035be4800 Implicit null exception at 0x0000000002807e31 to 0x0000000002808475
Event: 60.315 Thread 0x000000003955e000 Implicit null exception at 0x00000000025a6b89 to 0x00000000025a6f9d
Event: 60.516 Thread 0x000000003955e000 Implicit null exception at 0x0000000002631c5d to 0x0000000002632015
Event: 106.225 Thread 0x000000003955e000 Implicit null exception at 0x00000000028e4bcb to 0x00000000028e4c91

Events (10 events):
Event: 106.891 Thread 0x000000003b859800 Uncommon trap: trap_request=0xffffffad fr.pc=0x00000000028e5094
Event: 106.891 Thread 0x000000003b859800 DEOPT PACKING pc=0x00000000028e5094 sp=0x000000003bf8e0d0
Event: 106.891 Thread 0x000000003b859800 DEOPT UNPACKING pc=0x000000000245556a sp=0x000000003bf8e068 mode 2
Event: 106.891 Thread 0x000000003b859800 Uncommon trap: trap_request=0xffffffc6 fr.pc=0x0000000002962958
Event: 106.891 Thread 0x000000003b859800 DEOPT PACKING pc=0x0000000002962958 sp=0x000000003bf8e110
Event: 106.891 Thread 0x000000003b859800 DEOPT UNPACKING pc=0x000000000245556a sp=0x000000003bf8e0a0 mode 2
Event: 106.892 Thread 0x000000003b859800 Uncommon trap: trap_request=0xffffffc6 fr.pc=0x0000000002962958
Event: 106.892 Thread 0x000000003b859800 DEOPT PACKING pc=0x0000000002962958 sp=0x000000003bf8e040
Event: 106.892 Thread 0x000000003b859800 DEOPT UNPACKING pc=0x000000000245556a sp=0x000000003bf8dfd0 mode 2
Event: 106.899 Executing VM operation: RedefineClasses


Dynamic libraries:
0x000000013f510000 - 0x000000013f544000 	C:\Program Files\Java\jre1.8.0_31\bin\javaw.exe
0x0000000076d80000 - 0x0000000076f29000 	C:\Windows\SYSTEM32\ntdll.dll
0x0000000076c60000 - 0x0000000076d7f000 	C:\Windows\system32\kernel32.dll
0x000007fefcb60000 - 0x000007fefcbcc000 	C:\Windows\system32\KERNELBASE.dll
0x000007fefe050000 - 0x000007fefe12b000 	C:\Windows\system32\ADVAPI32.dll
0x000007fefdf60000 - 0x000007fefdfff000 	C:\Windows\system32\msvcrt.dll
0x000007fefe740000 - 0x000007fefe75f000 	C:\Windows\SYSTEM32\sechost.dll
0x000007fefe970000 - 0x000007fefea9d000 	C:\Windows\system32\RPCRT4.dll
0x0000000076b60000 - 0x0000000076c5a000 	C:\Windows\system32\USER32.dll
0x000007feff020000 - 0x000007feff087000 	C:\Windows\system32\GDI32.dll
0x000007fefe720000 - 0x000007fefe72e000 	C:\Windows\system32\LPK.dll
0x000007fefe130000 - 0x000007fefe1f9000 	C:\Windows\system32\USP10.dll
0x000007fefb740000 - 0x000007fefb934000 	C:\Windows\WinSxS\amd64_microsoft.windows.common-controls_6595b64144ccf1df_6.0.7601.17514_none_fa396087175ac9ac\COMCTL32.dll
0x000007fefeb20000 - 0x000007fefeb91000 	C:\Windows\system32\SHLWAPI.dll
0x000007fefe760000 - 0x000007fefe78e000 	C:\Windows\system32\IMM32.DLL
0x000007fefec40000 - 0x000007fefed49000 	C:\Windows\system32\MSCTF.dll
0x0000000057a60000 - 0x0000000057b32000 	C:\Program Files\Java\jre1.8.0_31\bin\msvcr100.dll
0x0000000058b40000 - 0x000000005939a000 	C:\Program Files\Java\jre1.8.0_31\bin\server\jvm.dll
0x000007fee9c80000 - 0x000007fee9c89000 	C:\Windows\system32\WSOCK32.dll
0x000007fefe000000 - 0x000007fefe04d000 	C:\Windows\system32\WS2_32.dll
0x000007fefe730000 - 0x000007fefe738000 	C:\Windows\system32\NSI.dll
0x000007fef98c0000 - 0x000007fef98fb000 	C:\Windows\system32\WINMM.dll
0x0000000076f50000 - 0x0000000076f57000 	C:\Windows\system32\PSAPI.DLL
0x0000000073c80000 - 0x0000000073c8f000 	C:\Program Files\Java\jre1.8.0_31\bin\verify.dll
0x00000000736d0000 - 0x00000000736f8000 	C:\Program Files\Java\jre1.8.0_31\bin\java.dll
0x0000000073770000 - 0x0000000073786000 	C:\Program Files\Java\jre1.8.0_31\bin\zip.dll
0x000007fefcf00000 - 0x000007fefdc88000 	C:\Windows\system32\SHELL32.dll
0x000007fefe430000 - 0x000007fefe633000 	C:\Windows\system32\ole32.dll
0x000007fefcb50000 - 0x000007fefcb5f000 	C:\Windows\system32\profapi.dll
0x0000000073390000 - 0x00000000733aa000 	C:\Program Files\Java\jre1.8.0_31\bin\net.dll
0x000007fefc2e0000 - 0x000007fefc335000 	C:\Windows\system32\mswsock.dll
0x000007fefc2d0000 - 0x000007fefc2d7000 	C:\Windows\System32\wship6.dll
0x000007fefbd00000 - 0x000007fefbd07000 	C:\Windows\System32\wshtcpip.dll
0x000007fefc160000 - 0x000007fefc1bb000 	C:\Windows\system32\DNSAPI.dll
0x000007fef9820000 - 0x000007fef9847000 	C:\Windows\system32\IPHLPAPI.DLL
0x000007fef9810000 - 0x000007fef981b000 	C:\Windows\system32\WINNSI.DLL
0x000007fef7b20000 - 0x000007fef7b28000 	C:\Windows\system32\rasadhlp.dll
0x000007fef9410000 - 0x000007fef9463000 	C:\Windows\System32\fwpuclnt.dll
0x00000000722d0000 - 0x00000000722dd000 	C:\Program Files\Java\jre1.8.0_31\bin\management.dll
0x0000000073370000 - 0x0000000073381000 	C:\Program Files\Java\jre1.8.0_31\bin\nio.dll
0x000007fefc340000 - 0x000007fefc357000 	C:\Windows\system32\CRYPTSP.dll
0x000007fefc040000 - 0x000007fefc087000 	C:\Windows\system32\rsaenh.dll
0x000007fefcc20000 - 0x000007fefcc3e000 	C:\Windows\system32\USERENV.dll
0x000007fefc9e0000 - 0x000007fefc9ef000 	C:\Windows\system32\CRYPTBASE.dll
0x000007fef93e0000 - 0x000007fef93f1000 	C:\Windows\system32\dhcpcsvc6.DLL
0x000007fef93c0000 - 0x000007fef93d8000 	C:\Windows\system32\dhcpcsvc.DLL
0x000007fefa8d0000 - 0x000007fefa8e5000 	C:\Windows\system32\NLAapi.dll
0x000007fef6a00000 - 0x000007fef6a15000 	C:\Windows\system32\napinsp.dll
0x000007fef69e0000 - 0x000007fef69f9000 	C:\Windows\system32\pnrpnsp.dll
0x000007fef69d0000 - 0x000007fef69db000 	C:\Windows\System32\winrnr.dll
0x000007fef69c0000 - 0x000007fef69d0000 	C:\Windows\system32\wshbth.dll
0x000000005a590000 - 0x000000005a5b3000 	C:\Program Files\Java\jre1.8.0_31\bin\instrument.dll
0x000007fefb730000 - 0x000007fefb73f000 	C:\Users\SEOKHO\Documents\visualvm_138\visualvm_138\profiler\lib\deployed\jdk16\windows-amd64\profilerinterface.dll
0x000007fefa160000 - 0x000007fefa285000 	C:\Windows\system32\dbghelp.dll

VM Arguments:
jvm_args: -Xmx15g -Dfile.encoding=Cp1252 
java_command: learnModelWeights.ScoreModel
java_class_path (initial): C:\Users\SEOKHO\Dropbox\Workspace\MissingWord\bin;C:\Users\SEOKHO\Dropbox\Workspace\MissingWord\disco-1.4.jar;C:\Users\SEOKHO\Dropbox\Workspace\MissingWord\lib\jwnl-1.3.3.jar;C:\Users\SEOKHO\Dropbox\Workspace\MissingWord\lib\opennlp-maxent-3.0.3.jar;C:\Users\SEOKHO\Dropbox\Workspace\MissingWord\lib\opennlp-tools-1.5.3.jar;C:\Users\SEOKHO\Dropbox\Workspace\MissingWord\lib\opennlp-uima-1.5.3.jar;C:\MissingWord\stanford-parser-full-2015-01-30\stanford-parser.jar;C:\MissingWord\stanford-parser-full-2015-01-30\stanford-parser-3.5.1-models.jar;C:\MissingWord\stanford-parser-full-2015-01-30\stanford-srparser-2014-10-23-models.jar;C:\MissingWord\stanford-parser-full-2015-01-30\stanford-parser-3.5.1-javadoc.jar;C:\Users\SEOKHO\Dropbox\Workspace\MissingWord\lib\trove-3.0.3.jar;C:\Users\SEOKHO\Dropbox\Workspace\MissingWord\lib\commons-lang3-3.3.2-javadoc.jar;C:\Users\SEOKHO\Dropbox\Workspace\MissingWord\lib\commons-lang3-3.3.2.jar
Launcher Type: SUN_STANDARD

Environment Variables:
PATH=C:/Program Files/Java/jre1.8.0_31/bin/server;C:/Program Files/Java/jre1.8.0_31/bin;C:/Program Files/Java/jre1.8.0_31/lib/amd64;C:\ProgramData\Oracle\Java\javapath;c:\Program Files (x86)\Intel\iCLS Client\;c:\Program Files\Intel\iCLS Client\;C:\Windows\system32;C:\Windows;C:\Windows\System32\Wbem;C:\Windows\System32\WindowsPowerShell\v1.0\;C:\Program Files\Intel\Intel(R) Management Engine Components\DAL;C:\Program Files\Intel\Intel(R) Management Engine Components\IPT;C:\Program Files (x86)\Intel\Intel(R) Management Engine Components\DAL;C:\Program Files (x86)\Intel\Intel(R) Management Engine Components\IPT;C:\Python34;C:\Python34\Scripts\;C:\Program Files\VanDyke Software\Clients\;C:\eclipse;
USERNAME=SEOKHO
OS=Windows_NT
PROCESSOR_IDENTIFIER=Intel64 Family 6 Model 60 Stepping 3, GenuineIntel



---------------  S Y S T E M  ---------------

OS: Windows 7 , 64 bit Build 7601 Service Pack 1

CPU:total 8 (4 cores per cpu, 2 threads per core) family 6 model 60 stepping 3, cmov, cx8, fxsr, mmx, sse, sse2, sse3, ssse3, sse4.1, sse4.2, popcnt, avx, avx2, aes, clmul, erms, rtm, lzcnt, ht, tsc, tscinvbit, bmi1, bmi2

Memory: 4k page, physical 16692156k(3925448k free), swap 33381500k(15402760k free)

vm_info: Java HotSpot(TM) 64-Bit Server VM (25.31-b07) for windows-amd64 JRE (1.8.0_31-b13), built on Dec 17 2014 21:00:28 by "java_re" with MS VC++ 10.0 (VS2010)

time: Thu Feb 26 20:54:50 2015
elapsed time: 106 seconds (0d 0h 1m 46s)

